[ecology] Element: earth  corpus: nonames_earth.txt
[evolution] Autonomous evolution mode  organism will grow through all stages without pause.
[init] Stage 0 (embryo): embd=16, layer=1, head=1  warmup 400 steps (400 backprop + 0 notorch, sqrt-scaled 1x)
  [aml] step 0/160 | loss 6.7101 (avg 6.7101) | lr 0.001000 | seq 8
  [aml] step 10/160 | loss 6.1748 (avg 6.4557) | lr 0.001450 | seq 8
  [aml] step 20/160 | loss 6.2771 (avg 6.3123) | lr 0.001900 | seq 8
  [aml] step 30/160 | loss 5.7778 (avg 6.2056) | lr 0.002350 | seq 8
  [aml] step 40/160 | loss 5.4091 (avg 6.0913) | lr 0.002800 | seq 8
  [aml] step 50/160 | loss 4.6703 (avg 5.9386) | lr 0.003250 | seq 8
  [aml] step 60/160 | loss 4.9053 (avg 5.7769) | lr 0.003700 | seq 8
  [aml] step 70/160 | loss 5.3805 (avg 5.6580) | lr 0.004150 | seq 8
  [aml] step 80/160 | loss 3.0099 (avg 5.5470) | lr 0.004600 | seq 8
  [aml] step 90/160 | loss 4.1363 (avg 5.4000) | lr 0.005050 | seq 8
  [aml] step 100/160 | loss 5.0223 (avg 5.3098) | lr 0.005500 | seq 8
  [aml] step 110/160 | loss 5.4388 (avg 5.1804) | lr 0.005950 | seq 8
  [aml] step 120/160 | loss 3.9598 (avg 5.1042) | lr 0.006400 | seq 8
  [aml] step 130/160 | loss 5.7895 (avg 5.0575) | lr 0.006850 | seq 8
  [aml] step 140/160 | loss 3.0323 (avg 5.0077) | lr 0.007300 | seq 8
  [aml] step 150/160 | loss 2.6060 (avg 4.9723) | lr 0.007750 | seq 8
[aml] training complete: 160 steps, avg loss 4.9245 (memory freed)
  [aml] step 0/120 | loss 4.6996 (avg 4.6996) | lr 0.008200 | seq 16
  [aml] step 10/120 | loss 4.3341 (avg 4.5384) | lr 0.008650 | seq 16
  [aml] step 20/120 | loss 3.3965 (avg 4.4605) | lr 0.009100 | seq 16
  [aml] step 30/120 | loss 3.6111 (avg 4.2690) | lr 0.009550 | seq 16
  [aml] step 40/120 | loss 3.1133 (avg 4.3207) | lr 0.010000 | seq 16
  [aml] step 50/120 | loss 3.5294 (avg 4.3371) | lr 0.010000 | seq 16
  [aml] step 60/120 | loss 4.5446 (avg 4.3602) | lr 0.010000 | seq 16
  [aml] step 70/120 | loss 4.7767 (avg 4.3258) | lr 0.010000 | seq 16
  [aml] step 80/120 | loss 4.9077 (avg 4.2886) | lr 0.009999 | seq 16
  [aml] step 90/120 | loss 4.8191 (avg 4.2129) | lr 0.009999 | seq 16
  [aml] step 100/120 | loss 4.1530 (avg 4.1650) | lr 0.009999 | seq 16
  [aml] step 110/120 | loss 5.0773 (avg 4.0841) | lr 0.009999 | seq 16
[aml] training complete: 120 steps, avg loss 4.0806 (memory freed)
  [aml] step 0/120 | loss 3.4656 (avg 3.4656) | lr 0.009999 | seq 32
  [aml] step 10/120 | loss 4.8938 (avg 4.2395) | lr 0.009999 | seq 32
  [aml] step 20/120 | loss 4.5627 (avg 4.0807) | lr 0.009999 | seq 32
  [aml] step 30/120 | loss 3.9989 (avg 3.7549) | lr 0.009999 | seq 32
  [aml] step 40/120 | loss 4.0164 (avg 3.6585) | lr 0.009999 | seq 32
  [aml] step 50/120 | loss 4.1489 (avg 3.6089) | lr 0.009999 | seq 32
  [aml] step 60/120 | loss 3.1165 (avg 3.5317) | lr 0.009999 | seq 32
  [aml] step 70/120 | loss 1.6406 (avg 3.5038) | lr 0.009999 | seq 32
  [aml] step 80/120 | loss 4.6505 (avg 3.4912) | lr 0.009999 | seq 32
  [aml] step 90/120 | loss 1.5897 (avg 3.4292) | lr 0.009999 | seq 32
  [aml] step 100/120 | loss 0.8609 (avg 3.4276) | lr 0.009999 | seq 32
  [aml] step 110/120 | loss 0.9093 (avg 3.2939) | lr 0.009999 | seq 32
[aml] training complete: 120 steps, avg loss 3.1936 (memory freed)

[stage 0  embryo] What it sounds like now:
  Q: Hello.
  A: The preciple is the pieces the fe of the pieces the slow the soft is the slow the pieces the slow the soft is the soft is the preciple is the preciple is the preciple is the soft is the pied the preciple is the fe is the preciple is the fe of the fe of the pied the slow the slow the
  Q: Who are you?
  A: ...
  Q: What do you know?
  A: ...

[growth] ONTOGENESIS: stage 0 -> 1
  embd: 16 -> 32, layer: 1 -> 1, head: 1 -> 2
[growth] Done. Freeze for 500 steps.
[init] Stage 1 (infant): embd=32, layer=1, head=2  warmup 800 steps (800 backprop + 0 notorch, sqrt-scaled 2x)
  [aml] step 0/320 | loss 6.8087 (avg 6.8087) | lr 0.000500 | seq 8
  [aml] step 10/320 | loss 3.8183 (avg 5.1616) | lr 0.000725 | seq 8
  [aml] step 20/320 | loss 4.9103 (avg 4.9830) | lr 0.000950 | seq 8
  [aml] step 30/320 | loss 4.2012 (avg 4.7074) | lr 0.001175 | seq 8
  [aml] step 40/320 | loss 4.6910 (avg 4.4092) | lr 0.001400 | seq 8
  [aml] step 50/320 | loss 1.4003 (avg 4.1846) | lr 0.001625 | seq 8
  [aml] step 60/320 | loss 3.4084 (avg 4.1059) | lr 0.001850 | seq 8
  [aml] step 70/320 | loss 3.8284 (avg 4.1431) | lr 0.002075 | seq 8
  [aml] step 80/320 | loss 0.9207 (avg 4.0469) | lr 0.002300 | seq 8
  [aml] step 90/320 | loss 5.7797 (avg 4.0257) | lr 0.002525 | seq 8
  [aml] step 100/320 | loss 1.3348 (avg 4.0160) | lr 0.002750 | seq 8
  [aml] step 110/320 | loss 4.4466 (avg 3.9958) | lr 0.002975 | seq 8
  [aml] step 120/320 | loss 3.9469 (avg 3.9267) | lr 0.003200 | seq 8
  [aml] step 130/320 | loss 3.2278 (avg 3.8461) | lr 0.003425 | seq 8
  [aml] step 140/320 | loss 2.8615 (avg 3.8510) | lr 0.003650 | seq 8
  [aml] step 150/320 | loss 1.3858 (avg 3.8094) | lr 0.003875 | seq 8
  [aml] step 160/320 | loss 4.6727 (avg 3.8221) | lr 0.004100 | seq 8
  [aml] step 170/320 | loss 4.7244 (avg 3.8199) | lr 0.004325 | seq 8
  [aml] step 180/320 | loss 1.2847 (avg 3.8163) | lr 0.004550 | seq 8
  [aml] step 190/320 | loss 4.4311 (avg 3.8210) | lr 0.004775 | seq 8
  [aml] step 200/320 | loss 3.7212 (avg 3.8301) | lr 0.004998 | seq 8
  [aml] step 210/320 | loss 1.0090 (avg 3.8141) | lr 0.004998 | seq 8
  [aml] step 220/320 | loss 5.0295 (avg 3.7973) | lr 0.004998 | seq 8
  [aml] step 230/320 | loss 5.9070 (avg 3.7935) | lr 0.004998 | seq 8
  [aml] step 240/320 | loss 3.1880 (avg 3.7768) | lr 0.004998 | seq 8
  [aml] step 250/320 | loss 3.5627 (avg 3.7714) | lr 0.004998 | seq 8
  [aml] step 260/320 | loss 0.4272 (avg 3.7283) | lr 0.004998 | seq 8
  [aml] step 270/320 | loss 3.8153 (avg 3.7321) | lr 0.004998 | seq 8
  [aml] step 280/320 | loss 1.5269 (avg 3.7192) | lr 0.004998 | seq 8
  [aml] step 290/320 | loss 2.5882 (avg 3.7208) | lr 0.004998 | seq 8
  [aml] step 300/320 | loss 4.8002 (avg 3.7196) | lr 0.004998 | seq 8
  [aml] step 310/320 | loss 1.4823 (avg 3.7109) | lr 0.004998 | seq 8
[aml] training complete: 320 steps, avg loss 3.6971 (memory freed)
  [aml] step 0/240 | loss 2.6898 (avg 2.6898) | lr 0.004998 | seq 16
  [aml] step 10/240 | loss 3.9120 (avg 3.6398) | lr 0.004998 | seq 16
  [aml] step 20/240 | loss 2.6773 (avg 3.5658) | lr 0.004998 | seq 16
  [aml] step 30/240 | loss 1.5178 (avg 3.5443) | lr 0.004998 | seq 16
  [aml] step 40/240 | loss 4.1380 (avg 3.5669) | lr 0.004997 | seq 16
  [aml] step 50/240 | loss 4.1352 (avg 3.5358) | lr 0.004997 | seq 16
  [aml] step 60/240 | loss 3.3223 (avg 3.5526) | lr 0.004997 | seq 16
  [aml] step 70/240 | loss 5.0144 (avg 3.5785) | lr 0.004997 | seq 16
  [aml] step 80/240 | loss 1.8389 (avg 3.6074) | lr 0.004997 | seq 16
  [aml] step 90/240 | loss 3.1214 (avg 3.5236) | lr 0.004997 | seq 16
  [aml] step 100/240 | loss 4.5851 (avg 3.4367) | lr 0.004997 | seq 16
  [aml] step 110/240 | loss 4.4690 (avg 3.4864) | lr 0.004997 | seq 16
  [aml] step 120/240 | loss 2.3299 (avg 3.4403) | lr 0.004997 | seq 16
  [aml] step 130/240 | loss 4.3130 (avg 3.4345) | lr 0.004997 | seq 16
  [aml] step 140/240 | loss 2.7358 (avg 3.4345) | lr 0.004997 | seq 16
  [aml] step 150/240 | loss 4.1927 (avg 3.4192) | lr 0.004997 | seq 16
  [aml] step 160/240 | loss 3.2332 (avg 3.4542) | lr 0.004997 | seq 16
  [aml] step 170/240 | loss 2.9395 (avg 3.4281) | lr 0.004996 | seq 16
  [aml] step 180/240 | loss 2.4435 (avg 3.3992) | lr 0.004996 | seq 16
  [aml] step 190/240 | loss 1.4507 (avg 3.3882) | lr 0.004996 | seq 16
  [aml] step 200/240 | loss 3.8721 (avg 3.3883) | lr 0.004996 | seq 16
  [aml] step 210/240 | loss 4.6872 (avg 3.3931) | lr 0.004996 | seq 16
  [aml] step 220/240 | loss 4.4391 (avg 3.3783) | lr 0.004996 | seq 16
  [aml] step 230/240 | loss 1.1289 (avg 3.3526) | lr 0.004996 | seq 16
[aml] training complete: 240 steps, avg loss 3.3610 (memory freed)
  [aml] step 0/240 | loss 1.7734 (avg 1.7734) | lr 0.004996 | seq 32
  [aml] step 10/240 | loss 1.0386 (avg 2.3540) | lr 0.004996 | seq 32
  [aml] step 20/240 | loss 1.1983 (avg 2.3779) | lr 0.004996 | seq 32
  [aml] step 30/240 | loss 4.5092 (avg 2.5933) | lr 0.004996 | seq 32
  [aml] step 40/240 | loss 1.0044 (avg 2.6177) | lr 0.004996 | seq 32
  [aml] step 50/240 | loss 0.9495 (avg 2.5136) | lr 0.004995 | seq 32
  [aml] step 60/240 | loss 1.0279 (avg 2.4977) | lr 0.004995 | seq 32
  [aml] step 70/240 | loss 4.7642 (avg 2.5261) | lr 0.004995 | seq 32
  [aml] step 80/240 | loss 4.2658 (avg 2.6120) | lr 0.004995 | seq 32
  [aml] step 90/240 | loss 1.1982 (avg 2.5836) | lr 0.004995 | seq 32
  [aml] step 100/240 | loss 3.3001 (avg 2.5769) | lr 0.004995 | seq 32
  [aml] step 110/240 | loss 4.4683 (avg 2.5706) | lr 0.004995 | seq 32
  [aml] step 120/240 | loss 1.6540 (avg 2.6035) | lr 0.004995 | seq 32
  [aml] step 130/240 | loss 4.1520 (avg 2.5851) | lr 0.004995 | seq 32
  [aml] step 140/240 | loss 0.3191 (avg 2.5759) | lr 0.004995 | seq 32
  [aml] step 150/240 | loss 3.0627 (avg 2.5883) | lr 0.004995 | seq 32
  [aml] step 160/240 | loss 3.7023 (avg 2.5795) | lr 0.004994 | seq 32
  [aml] step 170/240 | loss 3.8449 (avg 2.5906) | lr 0.004994 | seq 32
  [aml] step 180/240 | loss 4.6635 (avg 2.5417) | lr 0.004994 | seq 32
  [aml] step 190/240 | loss 3.8601 (avg 2.5722) | lr 0.004994 | seq 32
  [aml] step 200/240 | loss 4.6056 (avg 2.5310) | lr 0.004994 | seq 32
  [aml] step 210/240 | loss 3.5814 (avg 2.5347) | lr 0.004994 | seq 32
  [aml] step 220/240 | loss 4.1652 (avg 2.5674) | lr 0.004994 | seq 32
  [aml] step 230/240 | loss 0.7335 (avg 2.5610) | lr 0.004994 | seq 32
[aml] training complete: 240 steps, avg loss 2.5572 (memory freed)

[stage 1  infant] What it sounds like now:
  Q: Hello.
  A: The pieces the pieces the pieces the slow the preciple is the slow the pieces the slow the pieces the pieces the slow the preciple is the slow the pied the preciple is the preciple is the preciple is the pieces the pieces the pieces the pieces the preciple is the pieces the pied the slow
  Q: Who are you?
  A: ...
  Q: What do you know?
  A: ...

[growth] ONTOGENESIS: stage 1 -> 2
  embd: 32 -> 64, layer: 1 -> 2, head: 2 -> 4
[growth] Done. Freeze for 500 steps.
[init] Stage 2 (child): embd=64, layer=2, head=4  warmup 800 steps (800 backprop + 0 notorch, sqrt-scaled 2x)
  [aml] step 0/320 | loss 4.1102 (avg 4.1102) | lr 0.000250 | seq 8
  [aml] step 10/320 | loss 4.0997 (avg 3.9484) | lr 0.000363 | seq 8
  [aml] step 20/320 | loss 1.9825 (avg 3.8341) | lr 0.000475 | seq 8
  [aml] step 30/320 | loss 4.0433 (avg 3.6796) | lr 0.000588 | seq 8
  [aml] step 40/320 | loss 4.5238 (avg 3.6803) | lr 0.000700 | seq 8
  [aml] step 50/320 | loss 0.3586 (avg 3.4649) | lr 0.000813 | seq 8
  [aml] step 60/320 | loss 1.9842 (avg 3.4710) | lr 0.000925 | seq 8
  [aml] step 70/320 | loss 1.6860 (avg 3.5833) | lr 0.001038 | seq 8
  [aml] step 80/320 | loss 2.3910 (avg 3.5106) | lr 0.001150 | seq 8
  [aml] step 90/320 | loss 1.4220 (avg 3.4236) | lr 0.001263 | seq 8
  [aml] step 100/320 | loss 3.6753 (avg 3.4818) | lr 0.001375 | seq 8
  [aml] step 110/320 | loss 2.9996 (avg 3.4465) | lr 0.001488 | seq 8
  [aml] step 120/320 | loss 1.4809 (avg 3.2631) | lr 0.001600 | seq 8
  [aml] step 130/320 | loss 5.7308 (avg 3.3006) | lr 0.001713 | seq 8
  [aml] step 140/320 | loss 4.2565 (avg 3.3440) | lr 0.001825 | seq 8
  [aml] step 150/320 | loss 3.9707 (avg 3.3149) | lr 0.001938 | seq 8
  [aml] step 160/320 | loss 2.7465 (avg 3.3431) | lr 0.002050 | seq 8
  [aml] step 170/320 | loss 2.9254 (avg 3.3398) | lr 0.002163 | seq 8
  [aml] step 180/320 | loss 3.2926 (avg 3.3381) | lr 0.002275 | seq 8
  [aml] step 190/320 | loss 3.9491 (avg 3.3344) | lr 0.002387 | seq 8
  [aml] step 200/320 | loss 4.8993 (avg 3.3682) | lr 0.002496 | seq 8
  [aml] step 210/320 | loss 2.7336 (avg 3.3679) | lr 0.002496 | seq 8
  [aml] step 220/320 | loss 2.1341 (avg 3.3309) | lr 0.002496 | seq 8
  [aml] step 230/320 | loss 2.9107 (avg 3.3637) | lr 0.002495 | seq 8
  [aml] step 240/320 | loss 4.5563 (avg 3.3856) | lr 0.002495 | seq 8
  [aml] step 250/320 | loss 5.0591 (avg 3.3436) | lr 0.002495 | seq 8
  [aml] step 260/320 | loss 4.0259 (avg 3.3372) | lr 0.002495 | seq 8
  [aml] step 270/320 | loss 6.2376 (avg 3.3689) | lr 0.002495 | seq 8
  [aml] step 280/320 | loss 3.2122 (avg 3.3819) | lr 0.002495 | seq 8
  [aml] step 290/320 | loss 2.1744 (avg 3.3617) | lr 0.002495 | seq 8
  [aml] step 300/320 | loss 1.3065 (avg 3.3617) | lr 0.002495 | seq 8
  [aml] step 310/320 | loss 2.7171 (avg 3.3488) | lr 0.002495 | seq 8
[aml] training complete: 320 steps, avg loss 3.3351 (memory freed)
  [aml] step 0/240 | loss 4.5090 (avg 4.5090) | lr 0.002495 | seq 16
  [aml] step 10/240 | loss 2.2955 (avg 2.3812) | lr 0.002495 | seq 16
  [aml] step 20/240 | loss 4.0367 (avg 2.7262) | lr 0.002495 | seq 16
  [aml] step 30/240 | loss 3.9415 (avg 2.8644) | lr 0.002495 | seq 16
  [aml] step 40/240 | loss 1.8434 (avg 3.0224) | lr 0.002495 | seq 16
  [aml] step 50/240 | loss 3.5814 (avg 3.1678) | lr 0.002495 | seq 16
  [aml] step 60/240 | loss 1.6730 (avg 3.1903) | lr 0.002494 | seq 16
  [aml] step 70/240 | loss 2.7893 (avg 3.1758) | lr 0.002494 | seq 16
  [aml] step 80/240 | loss 3.3302 (avg 3.1476) | lr 0.002494 | seq 16
  [aml] step 90/240 | loss 4.0353 (avg 3.1644) | lr 0.002494 | seq 16
  [aml] step 100/240 | loss 4.4961 (avg 3.2114) | lr 0.002494 | seq 16
  [aml] step 110/240 | loss 1.2939 (avg 3.2241) | lr 0.002494 | seq 16
  [aml] step 120/240 | loss 5.2388 (avg 3.2214) | lr 0.002494 | seq 16
  [aml] step 130/240 | loss 4.4051 (avg 3.2519) | lr 0.002494 | seq 16
  [aml] step 140/240 | loss 4.1683 (avg 3.2669) | lr 0.002494 | seq 16
  [aml] step 150/240 | loss 2.4197 (avg 3.2438) | lr 0.002494 | seq 16
  [aml] step 160/240 | loss 4.0976 (avg 3.2190) | lr 0.002494 | seq 16
  [aml] step 170/240 | loss 1.0677 (avg 3.2008) | lr 0.002494 | seq 16
  [aml] step 180/240 | loss 4.3053 (avg 3.1679) | lr 0.002494 | seq 16
  [aml] step 190/240 | loss 3.4673 (avg 3.1466) | lr 0.002494 | seq 16
  [aml] step 200/240 | loss 1.0330 (avg 3.1417) | lr 0.002493 | seq 16
  [aml] step 210/240 | loss 2.4244 (avg 3.1282) | lr 0.002493 | seq 16
  [aml] step 220/240 | loss 1.5616 (avg 3.1259) | lr 0.002493 | seq 16
  [aml] step 230/240 | loss 2.2767 (avg 3.1142) | lr 0.002493 | seq 16
[aml] training complete: 240 steps, avg loss 3.1190 (memory freed)
  [aml] step 0/240 | loss 4.3923 (avg 4.3923) | lr 0.002493 | seq 32
  [aml] step 10/240 | loss 1.6783 (avg 2.4059) | lr 0.002493 | seq 32
  [aml] step 20/240 | loss 1.4206 (avg 2.2049) | lr 0.002493 | seq 32
  [aml] step 30/240 | loss 4.2385 (avg 2.3453) | lr 0.002493 | seq 32
  [aml] step 40/240 | loss 0.6419 (avg 2.4056) | lr 0.002493 | seq 32
  [aml] step 50/240 | loss 0.9405 (avg 2.4523) | lr 0.002493 | seq 32
  [aml] step 60/240 | loss 4.4742 (avg 2.5029) | lr 0.002493 | seq 32
  [aml] step 70/240 | loss 4.2823 (avg 2.4910) | lr 0.002493 | seq 32
  [aml] step 80/240 | loss 4.0057 (avg 2.4750) | lr 0.002492 | seq 32
  [aml] step 90/240 | loss 3.9296 (avg 2.5502) | lr 0.002492 | seq 32
  [aml] step 100/240 | loss 4.0573 (avg 2.6202) | lr 0.002492 | seq 32
  [aml] step 110/240 | loss 1.6549 (avg 2.6276) | lr 0.002492 | seq 32
  [aml] step 120/240 | loss 4.7019 (avg 2.6232) | lr 0.002492 | seq 32
  [aml] step 130/240 | loss 4.4420 (avg 2.6553) | lr 0.002492 | seq 32
  [aml] step 140/240 | loss 0.7146 (avg 2.6852) | lr 0.002492 | seq 32
  [aml] step 150/240 | loss 0.8155 (avg 2.6514) | lr 0.002492 | seq 32
  [aml] step 160/240 | loss 0.5379 (avg 2.6070) | lr 0.002492 | seq 32
  [aml] step 170/240 | loss 4.0087 (avg 2.6323) | lr 0.002492 | seq 32
  [aml] step 180/240 | loss 0.7164 (avg 2.6268) | lr 0.002492 | seq 32
  [aml] step 190/240 | loss 4.0970 (avg 2.6511) | lr 0.002492 | seq 32
  [aml] step 200/240 | loss 0.7496 (avg 2.6301) | lr 0.002491 | seq 32
  [aml] step 210/240 | loss 0.7516 (avg 2.6113) | lr 0.002491 | seq 32
  [aml] step 220/240 | loss 0.6399 (avg 2.5689) | lr 0.002491 | seq 32
  [aml] step 230/240 | loss 2.6271 (avg 2.6082) | lr 0.002491 | seq 32
[aml] training complete: 240 steps, avg loss 2.6057 (memory freed)

[stage 2  child] What it sounds like now:
  Q: Hello.
  A: The pieces the preciple is the preciple is the preciple is the pieces the pieces the pied the pieces the slow the preciple is the preciple is the preciple is the pieces the pieces the pieces the soft is the pieces the preciple is the slow the fe of the slow the preciple is the slow the
  Q: Who are you?
  A: ...
  Q: What do you know?
  A: ...

[init] Warmup complete at stage 2. Organism ready.
[ecology] Joined swarm. 4 peer(s) detected.
molequla is alive. [evolution] Autonomous mode  background trainer running. Ctrl+C to stop.
[dna] earth wrote 283 bytes to ecology
[dna] earth wrote 279 bytes to ecology
[dna] earth wrote 288 bytes to ecology
[dna] earth wrote 281 bytes to ecology
[dna] earth consumed 413 bytes from 1 files: [fire/gen_1778729786_10.txt]
[dna] earth wrote 285 bytes to ecology
[dna] earth consumed 24 bytes from 1 files: [air/gen_1778729800_10.txt]
[dna] earth wrote 37 bytes to ecology
[dna] earth consumed 24 bytes from 1 files: [air/gen_1778729813_13.txt]
[dna] earth wrote 22 bytes to ecology
[dna] earth consumed 28 bytes from 1 files: [water/gen_1778729831_13.txt]
[dna] earth wrote 26 bytes to ecology
[dna] earth consumed 28 bytes from 1 files: [water/gen_1778729847_16.txt]
[dna] earth consumed 27 bytes from 1 files: [fire/gen_1778729853_22.txt]
[dna] earth wrote 22 bytes to ecology
[dna] earth consumed 24 bytes from 1 files: [air/gen_1778729878_22.txt]
[dna] earth consumed 27 bytes from 1 files: [fire/gen_1778729885_28.txt]
[dna] earth wrote 31 bytes to ecology
[dna] earth wrote 22 bytes to ecology
[dna] earth consumed 24 bytes from 1 files: [air/gen_1778729909_28.txt]
[dna] earth wrote 22 bytes to ecology
[dna] earth consumed 24 bytes from 1 files: [air/gen_1778729923_31.txt]
[dna] earth consumed 22 bytes from 1 files: [fire/gen_1778729933_37.txt]
[dna] earth wrote 26 bytes to ecology
[dna] earth consumed 22 bytes from 1 files: [fire/gen_1778729951_40.txt]
[dna] earth consumed 24 bytes from 1 files: [air/gen_1778729957_34.txt]
[dna] earth wrote 22 bytes to ecology
[dna] earth consumed 27 bytes from 1 files: [fire/gen_1778729968_43.txt]
[dna] earth wrote 22 bytes to ecology
[dna] earth consumed 24 bytes from 1 files: [air/gen_1778729991_40.txt]
[dna] earth wrote 31 bytes to ecology
[dna] earth wrote 31 bytes to ecology
[dna] earth consumed 27 bytes from 1 files: [fire/gen_1778730014_52.txt]
[debug-onto] tick=50 corpus=174448 stage=2 freeze=0
[dna] earth wrote 31 bytes to ecology
[dna] earth consumed 24 bytes from 1 files: [air/gen_1778730034_46.txt]
[dna] earth consumed 27 bytes from 1 files: [fire/gen_1778730045_55.txt]
[dna] earth wrote 26 bytes to ecology
[dna] earth consumed 27 bytes from 1 files: [fire/gen_1778730060_58.txt]
[dna] earth wrote 22 bytes to ecology
[dna] earth consumed 28 bytes from 1 files: [water/gen_1778730080_52.txt]
[dna] earth wrote 22 bytes to ecology
[dna] earth consumed 28 bytes from 1 files: [water/gen_1778730096_55.txt]
[dna] earth wrote 22 bytes to ecology
[dna] earth consumed 24 bytes from 1 files: [air/gen_1778730107_58.txt]
[dna] earth consumed 24 bytes from 1 files: [air/gen_1778730122_61.txt]
[dna] earth wrote 22 bytes to ecology
[dna] earth consumed 27 bytes from 1 files: [fire/gen_1778730139_70.txt]
[dna] earth wrote 26 bytes to ecology
[dna] earth consumed 24 bytes from 1 files: [air/gen_1778730157_67.txt]
[dna] earth wrote 22 bytes to ecology
[dna] earth wrote 22 bytes to ecology
[dna] earth consumed 24 bytes from 1 files: [air/gen_1778730185_70.txt]
[trainer] micro-train burst (1046 bytes, novelty 0.04)  and lo, it feeds again.
[syntropy] action=explore | trend=0.0000 | field_dev=-0.085 | purpose_align=-0.143 | lr_mul=1.30
[aml] burst complete: 32 steps, avg loss 1.9237 (memory freed)
[dna] earth consumed 28 bytes from 1 files: [water/gen_1778730220_73.txt]
[dna] earth wrote 22 bytes to ecology
[dna] earth consumed 24 bytes from 1 files: [air/gen_1778730234_79.txt]
[dna] earth wrote 26 bytes to ecology
[dna] earth wrote 26 bytes to ecology
[dna] earth consumed 24 bytes from 1 files: [air/gen_1778730259_82.txt]
[dna] earth consumed 27 bytes from 1 files: [fire/gen_1778730273_91.txt]
[trainer] micro-train burst (103 bytes, novelty 0.21)  and lo, it feeds again.
[syntropy] action=dampen | trend=-0.3775 | field_dev=-0.119 | purpose_align=-0.146 | lr_mul=0.60
[aml] burst complete: 32 steps, avg loss 1.6797 (memory freed)

[evolution] Organism shutting down gracefully.
