13:39:55Z [watchdog] water HEARTBEAT_STALE: log idle 306s (mtime 13:34:47)
13:40:29Z [watchdog] water HEARTBEAT_STALE: log idle 340s (mtime 13:34:47)
13:41:03Z [watchdog] water HEARTBEAT_STALE: log idle 374s (mtime 13:34:47)
13:41:03Z [watchdog] fire HEARTBEAT_STALE: log idle 312s (mtime 13:35:49)
13:45:19Z [watchdog] water HEARTBEAT_STALE: log idle 630s (mtime 13:34:47)
13:45:55Z [watchdog] water HEARTBEAT_STALE: log idle 664s (mtime 13:34:47)
13:45:58Z [watchdog] fire HEARTBEAT_STALE: log idle 602s (mtime 13:35:49)
16:53:39Z [watchdog] air HEARTBEAT_STALE: log idle 1819s (mtime 16:23:18)
16:54:12Z [watchdog] air HEARTBEAT_STALE: log idle 1853s (mtime 16:23:18)
16:54:45Z [watchdog] air HEARTBEAT_STALE: log idle 1885s (mtime 16:23:18)
16:55:18Z [watchdog] air HEARTBEAT_STALE: log idle 1918s (mtime 16:23:18)
16:55:52Z [watchdog] air HEARTBEAT_STALE: log idle 1952s (mtime 16:23:18)
16:56:26Z [watchdog] air HEARTBEAT_STALE: log idle 1987s (mtime 16:23:18)
16:56:58Z [watchdog] air HEARTBEAT_STALE: log idle 2019s (mtime 16:23:18)
16:57:31Z [watchdog] air HEARTBEAT_STALE: log idle 2052s (mtime 16:23:18)
16:58:04Z [watchdog] air HEARTBEAT_STALE: log idle 2084s (mtime 16:23:18)
16:58:38Z [watchdog] air HEARTBEAT_STALE: log idle 2118s (mtime 16:23:18)
16:59:10Z [watchdog] air HEARTBEAT_STALE: log idle 2151s (mtime 16:23:18)
16:59:42Z [watchdog] air HEARTBEAT_STALE: log idle 2184s (mtime 16:23:18)
17:00:16Z [watchdog] air HEARTBEAT_STALE: log idle 2216s (mtime 16:23:18)
17:00:49Z [watchdog] air HEARTBEAT_STALE: log idle 2250s (mtime 16:23:18)
17:01:22Z [watchdog] air HEARTBEAT_STALE: log idle 2283s (mtime 16:23:18)
17:01:54Z [watchdog] air HEARTBEAT_STALE: log idle 2315s (mtime 16:23:18)
17:02:27Z [watchdog] air HEARTBEAT_STALE: log idle 2348s (mtime 16:23:18)
17:05:44Z [watchdog] earth HEARTBEAT_STALE: log idle 1824s (mtime 16:35:20)
17:06:18Z [watchdog] earth HEARTBEAT_STALE: log idle 1858s (mtime 16:35:20)
17:06:51Z [watchdog] earth HEARTBEAT_STALE: log idle 1891s (mtime 16:35:20)
17:07:24Z [watchdog] earth HEARTBEAT_STALE: log idle 1923s (mtime 16:35:20)
17:07:56Z [watchdog] earth HEARTBEAT_STALE: log idle 1956s (mtime 16:35:20)
17:08:28Z [watchdog] earth HEARTBEAT_STALE: log idle 1988s (mtime 16:35:20)
17:09:01Z [watchdog] earth HEARTBEAT_STALE: log idle 2020s (mtime 16:35:20)
17:09:33Z [watchdog] earth HEARTBEAT_STALE: log idle 2053s (mtime 16:35:20)
17:10:06Z [watchdog] earth HEARTBEAT_STALE: log idle 2085s (mtime 16:35:20)
17:10:38Z [watchdog] earth HEARTBEAT_STALE: log idle 2117s (mtime 16:35:20)
17:11:10Z [watchdog] earth HEARTBEAT_STALE: log idle 2150s (mtime 16:35:20)
17:11:44Z [watchdog] earth HEARTBEAT_STALE: log idle 2183s (mtime 16:35:20)
17:12:16Z [watchdog] earth HEARTBEAT_STALE: log idle 2216s (mtime 16:35:20)
17:12:48Z [watchdog] earth HEARTBEAT_STALE: log idle 2247s (mtime 16:35:20)
17:13:21Z [watchdog] earth HEARTBEAT_STALE: log idle 2281s (mtime 16:35:20)
17:45:00Z [watchdog] earth HEARTBEAT_STALE: log idle 1818s (mtime 17:14:42)
17:45:37Z [watchdog] earth HEARTBEAT_STALE: log idle 1852s (mtime 17:14:42)
17:45:37Z [watchdog] air HEARTBEAT_STALE: log idle 1819s (mtime 17:15:15)
17:46:10Z [watchdog] earth HEARTBEAT_STALE: log idle 1887s (mtime 17:14:42)
17:46:11Z [watchdog] air HEARTBEAT_STALE: log idle 1854s (mtime 17:15:15)
17:46:43Z [watchdog] earth HEARTBEAT_STALE: log idle 1921s (mtime 17:14:42)
17:46:44Z [watchdog] air HEARTBEAT_STALE: log idle 1888s (mtime 17:15:15)
17:47:16Z [watchdog] earth HEARTBEAT_STALE: log idle 1954s (mtime 17:14:42)
17:47:18Z [watchdog] air HEARTBEAT_STALE: log idle 1921s (mtime 17:15:15)
17:47:50Z [watchdog] earth HEARTBEAT_STALE: log idle 1987s (mtime 17:14:42)
17:47:51Z [watchdog] air HEARTBEAT_STALE: log idle 1954s (mtime 17:15:15)
17:48:24Z [watchdog] earth HEARTBEAT_STALE: log idle 2021s (mtime 17:14:42)
17:48:24Z [watchdog] air HEARTBEAT_STALE: log idle 1988s (mtime 17:15:15)
17:48:56Z [watchdog] earth HEARTBEAT_STALE: log idle 2054s (mtime 17:14:42)
17:48:56Z [watchdog] air HEARTBEAT_STALE: log idle 2021s (mtime 17:15:15)
17:49:28Z [watchdog] earth HEARTBEAT_STALE: log idle 2086s (mtime 17:14:42)
17:49:29Z [watchdog] air HEARTBEAT_STALE: log idle 2053s (mtime 17:15:15)
17:50:01Z [watchdog] earth HEARTBEAT_STALE: log idle 2119s (mtime 17:14:42)
17:50:02Z [watchdog] air HEARTBEAT_STALE: log idle 2086s (mtime 17:15:15)
17:50:35Z [watchdog] earth HEARTBEAT_STALE: log idle 2152s (mtime 17:14:42)
17:50:35Z [watchdog] air HEARTBEAT_STALE: log idle 2119s (mtime 17:15:15)
17:51:09Z [watchdog] earth HEARTBEAT_STALE: log idle 2186s (mtime 17:14:42)
17:51:09Z [watchdog] air HEARTBEAT_STALE: log idle 2153s (mtime 17:15:15)
17:51:41Z [watchdog] earth HEARTBEAT_STALE: log idle 2219s (mtime 17:14:42)
17:51:42Z [watchdog] air HEARTBEAT_STALE: log idle 2186s (mtime 17:15:15)
17:52:15Z [watchdog] earth HEARTBEAT_STALE: log idle 2252s (mtime 17:14:42)
17:52:16Z [watchdog] air HEARTBEAT_STALE: log idle 2219s (mtime 17:15:15)
17:52:47Z [watchdog] earth HEARTBEAT_STALE: log idle 2285s (mtime 17:14:42)
17:53:20Z [watchdog] earth HEARTBEAT_STALE: log idle 2318s (mtime 17:14:42)
18:06:40Z [watchdog] water HEARTBEAT_STALE: log idle 1810s (mtime 17:36:28)
18:07:15Z [watchdog] water HEARTBEAT_STALE: log idle 1843s (mtime 17:36:28)
18:07:48Z [watchdog] water HEARTBEAT_STALE: log idle 1878s (mtime 17:36:28)
18:08:22Z [watchdog] water HEARTBEAT_STALE: log idle 1912s (mtime 17:36:28)
18:16:04Z [watchdog] fire HEARTBEAT_STALE: log idle 1832s (mtime 17:45:29)
18:16:38Z [watchdog] fire HEARTBEAT_STALE: log idle 1865s (mtime 17:45:29)
18:25:29Z [watchdog] air HEARTBEAT_STALE: log idle 1810s (mtime 17:55:17)
18:26:02Z [watchdog] air HEARTBEAT_STALE: log idle 1844s (mtime 17:55:17)
18:26:36Z [watchdog] air HEARTBEAT_STALE: log idle 1878s (mtime 17:55:17)
18:27:09Z [watchdog] air HEARTBEAT_STALE: log idle 1911s (mtime 17:55:17)
18:27:43Z [watchdog] earth HEARTBEAT_STALE: log idle 1826s (mtime 17:57:16)
18:27:45Z [watchdog] air HEARTBEAT_STALE: log idle 1945s (mtime 17:55:17)
18:28:18Z [watchdog] earth HEARTBEAT_STALE: log idle 1861s (mtime 17:57:16)
18:28:19Z [watchdog] air HEARTBEAT_STALE: log idle 1980s (mtime 17:55:17)
18:28:52Z [watchdog] earth HEARTBEAT_STALE: log idle 1896s (mtime 17:57:16)
18:28:53Z [watchdog] air HEARTBEAT_STALE: log idle 2015s (mtime 17:55:17)
18:29:26Z [watchdog] earth HEARTBEAT_STALE: log idle 1930s (mtime 17:57:16)
18:29:27Z [watchdog] air HEARTBEAT_STALE: log idle 2049s (mtime 17:55:17)
18:30:01Z [watchdog] earth HEARTBEAT_STALE: log idle 1965s (mtime 17:57:16)
18:30:02Z [watchdog] air HEARTBEAT_STALE: log idle 2084s (mtime 17:55:17)
18:30:34Z [watchdog] earth HEARTBEAT_STALE: log idle 1998s (mtime 17:57:16)
18:30:35Z [watchdog] air HEARTBEAT_STALE: log idle 2117s (mtime 17:55:17)
18:31:07Z [watchdog] earth HEARTBEAT_STALE: log idle 2031s (mtime 17:57:16)
18:31:08Z [watchdog] air HEARTBEAT_STALE: log idle 2150s (mtime 17:55:17)
18:31:40Z [watchdog] earth HEARTBEAT_STALE: log idle 2064s (mtime 17:57:16)
18:31:41Z [watchdog] air HEARTBEAT_STALE: log idle 2183s (mtime 17:55:17)
18:32:13Z [watchdog] earth HEARTBEAT_STALE: log idle 2097s (mtime 17:57:16)
18:32:14Z [watchdog] air HEARTBEAT_STALE: log idle 2216s (mtime 17:55:17)
18:32:46Z [watchdog] earth HEARTBEAT_STALE: log idle 2130s (mtime 17:57:16)
18:32:47Z [watchdog] air HEARTBEAT_STALE: log idle 2249s (mtime 17:55:17)
18:33:19Z [watchdog] earth HEARTBEAT_STALE: log idle 2162s (mtime 17:57:16)
18:33:19Z [watchdog] air HEARTBEAT_STALE: log idle 2281s (mtime 17:55:17)
18:33:53Z [watchdog] earth HEARTBEAT_STALE: log idle 2196s (mtime 17:57:16)
18:33:53Z [watchdog] air HEARTBEAT_STALE: log idle 2315s (mtime 17:55:17)
18:34:26Z [watchdog] earth HEARTBEAT_STALE: log idle 2229s (mtime 17:57:16)
18:34:27Z [watchdog] air HEARTBEAT_STALE: log idle 2348s (mtime 17:55:17)
18:34:59Z [watchdog] earth HEARTBEAT_STALE: log idle 2263s (mtime 17:57:16)
18:35:00Z [watchdog] air HEARTBEAT_STALE: log idle 2382s (mtime 17:55:17)
18:35:32Z [watchdog] earth HEARTBEAT_STALE: log idle 2296s (mtime 17:57:16)
18:35:33Z [watchdog] air HEARTBEAT_STALE: log idle 2415s (mtime 17:55:17)
18:36:05Z [watchdog] earth HEARTBEAT_STALE: log idle 2329s (mtime 17:57:16)
18:36:06Z [watchdog] air HEARTBEAT_STALE: log idle 2448s (mtime 17:55:17)
18:36:38Z [watchdog] earth HEARTBEAT_STALE: log idle 2361s (mtime 17:57:16)
18:36:39Z [watchdog] air HEARTBEAT_STALE: log idle 2480s (mtime 17:55:17)
18:37:11Z [watchdog] earth HEARTBEAT_STALE: log idle 2395s (mtime 17:57:16)
18:37:12Z [watchdog] air HEARTBEAT_STALE: log idle 2514s (mtime 17:55:17)
18:37:44Z [watchdog] earth HEARTBEAT_STALE: log idle 2428s (mtime 17:57:16)
18:38:17Z [watchdog] earth HEARTBEAT_STALE: log idle 2460s (mtime 17:57:16)
18:38:49Z [watchdog] earth HEARTBEAT_STALE: log idle 2493s (mtime 17:57:16)
18:39:23Z [watchdog] earth HEARTBEAT_STALE: log idle 2527s (mtime 17:57:16)
18:39:56Z [watchdog] earth HEARTBEAT_STALE: log idle 2560s (mtime 17:57:16)
18:40:28Z [watchdog] earth HEARTBEAT_STALE: log idle 2592s (mtime 17:57:16)
18:41:01Z [watchdog] earth HEARTBEAT_STALE: log idle 2624s (mtime 17:57:16)
18:41:34Z [watchdog] earth HEARTBEAT_STALE: log idle 2657s (mtime 17:57:16)
18:42:07Z [watchdog] earth HEARTBEAT_STALE: log idle 2691s (mtime 17:57:16)
18:42:41Z [watchdog] earth HEARTBEAT_STALE: log idle 2724s (mtime 17:57:16)
21:31:39Z [watchdog] earth DEAD: pid 7037 gone
21:31:39Z [watchdog] air DEAD: pid 7110 gone
21:31:39Z [watchdog] water DEAD: pid 7183 gone
21:31:39Z [watchdog] fire DEAD: pid 7268 gone
21:32:09Z [watchdog] earth DEAD: pid 7037 gone
21:32:09Z [watchdog] air DEAD: pid 7110 gone
21:32:10Z [watchdog] water DEAD: pid 7183 gone
21:32:10Z [watchdog] fire DEAD: pid 7268 gone
21:32:40Z [watchdog] earth DEAD: pid 7037 gone
21:32:40Z [watchdog] air DEAD: pid 7110 gone
21:32:40Z [watchdog] water DEAD: pid 7183 gone
21:32:40Z [watchdog] fire DEAD: pid 7268 gone
21:33:10Z [watchdog] earth DEAD: pid 7037 gone
21:33:10Z [watchdog] air DEAD: pid 7110 gone
21:33:10Z [watchdog] water DEAD: pid 7183 gone
21:33:10Z [watchdog] fire DEAD: pid 7268 gone
21:33:40Z [watchdog] earth DEAD: pid 7037 gone
21:33:40Z [watchdog] air DEAD: pid 7110 gone
21:33:41Z [watchdog] water DEAD: pid 7183 gone
21:33:41Z [watchdog] fire DEAD: pid 7268 gone
21:34:11Z [watchdog] earth DEAD: pid 7037 gone
21:34:11Z [watchdog] air DEAD: pid 7110 gone
21:34:11Z [watchdog] water DEAD: pid 7183 gone
21:34:11Z [watchdog] fire DEAD: pid 7268 gone
21:34:41Z [watchdog] earth DEAD: pid 7037 gone
21:34:41Z [watchdog] air DEAD: pid 7110 gone
21:34:41Z [watchdog] water DEAD: pid 7183 gone
21:34:41Z [watchdog] fire DEAD: pid 7268 gone
21:35:11Z [watchdog] earth DEAD: pid 7037 gone
21:35:11Z [watchdog] air DEAD: pid 7110 gone
21:35:11Z [watchdog] water DEAD: pid 7183 gone
21:35:11Z [watchdog] fire DEAD: pid 7268 gone
21:35:41Z [watchdog] earth DEAD: pid 7037 gone
21:35:41Z [watchdog] air DEAD: pid 7110 gone
21:35:41Z [watchdog] water DEAD: pid 7183 gone
21:35:41Z [watchdog] fire DEAD: pid 7268 gone
21:36:12Z [watchdog] earth DEAD: pid 7037 gone
21:36:12Z [watchdog] air DEAD: pid 7110 gone
21:36:12Z [watchdog] water DEAD: pid 7183 gone
21:36:12Z [watchdog] fire DEAD: pid 7268 gone
21:36:42Z [watchdog] earth DEAD: pid 7037 gone
21:36:42Z [watchdog] air DEAD: pid 7110 gone
21:36:42Z [watchdog] water DEAD: pid 7183 gone
21:36:42Z [watchdog] fire DEAD: pid 7268 gone
21:37:12Z [watchdog] earth DEAD: pid 7037 gone
21:37:12Z [watchdog] air DEAD: pid 7110 gone
21:37:12Z [watchdog] water DEAD: pid 7183 gone
21:37:12Z [watchdog] fire DEAD: pid 7268 gone
21:37:42Z [watchdog] earth DEAD: pid 7037 gone
21:37:42Z [watchdog] air DEAD: pid 7110 gone
21:37:42Z [watchdog] water DEAD: pid 7183 gone
21:37:42Z [watchdog] fire DEAD: pid 7268 gone
21:38:13Z [watchdog] earth DEAD: pid 7037 gone
21:38:13Z [watchdog] air DEAD: pid 7110 gone
21:38:13Z [watchdog] water DEAD: pid 7183 gone
21:38:13Z [watchdog] fire DEAD: pid 7268 gone
21:38:43Z [watchdog] earth DEAD: pid 7037 gone
21:38:43Z [watchdog] air DEAD: pid 7110 gone
21:38:43Z [watchdog] water DEAD: pid 7183 gone
21:38:43Z [watchdog] fire DEAD: pid 7268 gone
21:39:13Z [watchdog] earth DEAD: pid 7037 gone
21:39:13Z [watchdog] air DEAD: pid 7110 gone
21:39:13Z [watchdog] water DEAD: pid 7183 gone
21:39:13Z [watchdog] fire DEAD: pid 7268 gone
21:39:43Z [watchdog] earth DEAD: pid 7037 gone
21:39:43Z [watchdog] air DEAD: pid 7110 gone
21:39:43Z [watchdog] water DEAD: pid 7183 gone
21:39:43Z [watchdog] fire DEAD: pid 7268 gone
21:40:13Z [watchdog] earth DEAD: pid 7037 gone
21:40:13Z [watchdog] air DEAD: pid 7110 gone
21:40:13Z [watchdog] water DEAD: pid 7183 gone
21:40:13Z [watchdog] fire DEAD: pid 7268 gone
21:40:44Z [watchdog] earth DEAD: pid 7037 gone
21:40:44Z [watchdog] air DEAD: pid 7110 gone
21:40:44Z [watchdog] water DEAD: pid 7183 gone
21:40:44Z [watchdog] fire DEAD: pid 7268 gone
21:41:14Z [watchdog] earth DEAD: pid 7037 gone
21:41:14Z [watchdog] air DEAD: pid 7110 gone
21:41:14Z [watchdog] water DEAD: pid 7183 gone
21:41:14Z [watchdog] fire DEAD: pid 7268 gone
21:41:44Z [watchdog] earth DEAD: pid 7037 gone
21:41:44Z [watchdog] air DEAD: pid 7110 gone
21:41:44Z [watchdog] water DEAD: pid 7183 gone
21:41:44Z [watchdog] fire DEAD: pid 7268 gone
21:42:15Z [watchdog] earth DEAD: pid 7037 gone
21:42:15Z [watchdog] air DEAD: pid 7110 gone
21:42:15Z [watchdog] water DEAD: pid 7183 gone
21:42:15Z [watchdog] fire DEAD: pid 7268 gone
21:42:45Z [watchdog] earth DEAD: pid 7037 gone
21:42:45Z [watchdog] air DEAD: pid 7110 gone
21:42:45Z [watchdog] water DEAD: pid 7183 gone
21:42:45Z [watchdog] fire DEAD: pid 7268 gone
21:43:15Z [watchdog] earth DEAD: pid 7037 gone
21:43:15Z [watchdog] air DEAD: pid 7110 gone
21:43:15Z [watchdog] water DEAD: pid 7183 gone
21:43:15Z [watchdog] fire DEAD: pid 7268 gone
21:43:45Z [watchdog] earth DEAD: pid 7037 gone
21:43:45Z [watchdog] air DEAD: pid 7110 gone
21:43:45Z [watchdog] water DEAD: pid 7183 gone
21:43:45Z [watchdog] fire DEAD: pid 7268 gone
21:44:16Z [watchdog] earth DEAD: pid 7037 gone
21:44:16Z [watchdog] air DEAD: pid 7110 gone
21:44:16Z [watchdog] water DEAD: pid 7183 gone
21:44:16Z [watchdog] fire DEAD: pid 7268 gone
21:44:46Z [watchdog] earth DEAD: pid 7037 gone
21:44:46Z [watchdog] air DEAD: pid 7110 gone
21:44:46Z [watchdog] water DEAD: pid 7183 gone
21:44:46Z [watchdog] fire DEAD: pid 7268 gone
21:45:16Z [watchdog] earth DEAD: pid 7037 gone
21:45:16Z [watchdog] air DEAD: pid 7110 gone
21:45:16Z [watchdog] water DEAD: pid 7183 gone
21:45:16Z [watchdog] fire DEAD: pid 7268 gone
